<?xml version="1.0" encoding="UTF-8"?>
<testsuite xmlns:xsi="http://www.w3.org/2001/XMLSchema-instance" xsi:noNamespaceSchemaLocation="https://maven.apache.org/surefire/maven-surefire-plugin/xsd/surefire-test-report.xsd" name="org.jboss.as.quickstarts.kitchensink.spring.basic.test.MemberDaoTest" time="2.803" tests="4" errors="0" skipped="0" failures="0">
  <properties>
[...]
</properties>
  <testcase name="testRegister" classname="org.jboss.as.quickstarts.kitchensink.spring.basic.test.MemberDaoTest" time="0.267"/>
  <testcase name="testFindById" classname="org.jboss.as.quickstarts.kitchensink.spring.basic.test.MemberDaoTest" time="0.013"/>
  <testcase name="testFindByEmail" classname="org.jboss.as.quickstarts.kitchensink.spring.basic.test.MemberDaoTest" time="0.028"/>
  <testcase name="testFindAllOrderedByName" classname="org.jboss.as.quickstarts.kitchensink.spring.basic.test.MemberDaoTest" time="0.013"/>
</testsuite>